nohup: ignoring input

  0%|          | 0/363736 [00:00<?, ?it/s]
  0%|          | 0/363736 [00:13<?, ?it/s]
Traceback (most recent call last):
  File "/data1/xiaoxinyu/project/gene-text-pairs-code/prepare_data.py", line 103, in <module>
    main()
  File "/data1/xiaoxinyu/project/gene-text-pairs-code/prepare_data.py", line 82, in main
    save_gtexprofile_h5ad(symbol_list, symbol, gtex_mean_expr, f"{output_dir}/gene-h5ad/{symbol}.h5ad")
  File "/data1/xiaoxinyu/project/gene-text-pairs-code/prepare_data.py", line 57, in save_gtexprofile_h5ad
    adata = ad.AnnData(X=expr_vec, obs=obs, var=var)
            ^^^^^^^^^^^^^^^^^^^^^^^^^^^^^^^^^^^^^^^^
  File "/home/xiaoxinyu/miniconda3/lib/python3.12/site-packages/anndata/_core/anndata.py", line 229, in __init__
    self._init_as_actual(
  File "/home/xiaoxinyu/miniconda3/lib/python3.12/site-packages/anndata/_core/anndata.py", line 411, in _init_as_actual
    self._var = _gen_dataframe(
                ^^^^^^^^^^^^^^^
  File "/home/xiaoxinyu/miniconda3/lib/python3.12/functools.py", line 909, in wrapper
    return dispatch(args[0].__class__)(*args, **kw)
           ^^^^^^^^^^^^^^^^^^^^^^^^^^^^^^^^^^^^^^^^
  File "/home/xiaoxinyu/miniconda3/lib/python3.12/site-packages/anndata/_core/aligned_df.py", line 65, in _gen_dataframe_df
    raise _mk_df_error(source, attr, length, len(anno))
ValueError: Observations annot. `var` must have as many rows as `X` has columns (19250), but has 19198 rows.
